1.5721 	WARNING 	We strongly recommend you activate the PTB sound engine in PsychoPy prefs as the preferred audio engine. Its timing is vastly superior. Your prefs are currently set to use ['sounddevice', 'PTB', 'pyo', 'pygame'] (in that order).
6.9966 	EXP 	Created window1 = Window(allowGUI=True, allowStencil=False, autoLog=True, backendConf=UNKNOWN, bitsMode=UNKNOWN, blendMode='avg', bpc=(8, 8, 8), color=array([0, 0, 0]), colorSpace='rgb', depthBits=8, fullscr=<method-wrapper '__getattribute__' of attributeSetter object at 0x000001F1B48E9A60>, gamma=None, gammaErrorPolicy='raise', lms=UNKNOWN, monitor=<psychopy.monitors.calibTools.Monitor object at 0x000001F1B6870DF0>, multiSample=False, name='window1', numSamples=2, pos=(760, 320), screen=0, size=array([1040,  800]), stencilBits=0, stereo=False, units='height', useFBO=True, useRetina=False, viewOri=0.0, viewPos=None, viewScale=None, waitBlanking=True, winType='pyglet')
6.9966 	EXP 	window1: mouseVisible = True
6.9967 	EXP 	window1: mouseVisible = True
6.9967 	EXP 	window1: Attempting to measure frame rate of screen (0) ...
6.9967 	EXP 	window1: recordFrameIntervals = False
7.0568 	EXP 	window1: recordFrameIntervals = True
7.1238 	EXP 	Screen (0) actual frame rate measured at 163.51Hz
7.1238 	EXP 	window1: recordFrameIntervals = False
7.1639 	WARNING 	launchHubServer: If using the iohub mouse or eyetracker devices, fullScr should be True.
9.0454 	EXP 	Created instr_txt_1 = TextStim(__class__=<class 'psychopy.visual.text.TextStim'>, alignHoriz=method-wrapper(...), alignText='center', alignVert=method-wrapper(...), anchorHoriz='center', anchorVert='center', antialias=True, autoDraw=False, autoLog=True, bold=False, color=array([-1, -1, -1]), colorSpace='rgb', contrast=1.0, depth=0.0, flipHoriz=False, flipVert=False, font='Arial', fontFiles=[], height=0.04, italic=False, languageStyle='LTR', name='instr_txt_1', opacity=1.0, ori=0, pos=array([0., 0.]), rgb=UNKNOWN, text=str(...), units='height', win=Window(...), wrapWidth=0.8)
9.0660 	EXP 	Created image_L_3 = ImageStim(__class__=<class 'psychopy.visual.image.ImageStim'>, anchor=('center', 'center'), autoLog=True, color=array([1, 1, 1]), colorSpace='rgb', contrast=1.0, depth=0.0, flipHoriz=False, flipVert=False, image='sin', interpolate=True, mask='raisedCos', maskParams=None, name='image_L_3', opacity=1.0, ori=1.0, pos=array([-0.25,  0.2 ]), size=array([0.3, 0.3]), texRes=128, units='height', win=Window(...))
9.0735 	EXP 	Created image_R_3 = ImageStim(__class__=<class 'psychopy.visual.image.ImageStim'>, anchor=('center', 'center'), autoLog=True, color=array([1, 1, 1]), colorSpace='rgb', contrast=1.0, depth=-1.0, flipHoriz=False, flipVert=False, image='sin', interpolate=True, mask='raisedCos', maskParams=None, name='image_R_3', opacity=1.0, ori=1.0, pos=array([0.25, 0.2 ]), size=array([0.3, 0.3]), texRes=128, units='height', win=Window(...))
9.1136 	EXP 	Created instr_txt_2 = TextStim(__class__=<class 'psychopy.visual.text.TextStim'>, alignHoriz=method-wrapper(...), alignText='center', alignVert=method-wrapper(...), anchorHoriz='center', anchorVert='center', antialias=True, autoDraw=False, autoLog=True, bold=False, color=array([-1, -1, -1]), colorSpace='rgb', contrast=1.0, depth=-2.0, flipHoriz=False, flipVert=False, font='Arial', fontFiles=[], height=0.05, italic=False, languageStyle='LTR', name='instr_txt_2', opacity=1.0, ori=0, pos=array([ 0. , -0.2]), rgb=UNKNOWN, text=str(...), units='height', win=Window(...), wrapWidth=0.8)
9.1180 	EXP 	Created mini_pause_2 = TextStim(__class__=<class 'psychopy.visual.text.TextStim'>, alignHoriz=method-wrapper(...), alignText='center', alignVert=method-wrapper(...), anchorHoriz='center', anchorVert='center', antialias=True, autoDraw=False, autoLog=True, bold=False, color=array([1, 1, 1]), colorSpace='rgb', contrast=1.0, depth=0.0, flipHoriz=False, flipVert=False, font='Arial', fontFiles=[], height=0.05, italic=False, languageStyle='LTR', name='mini_pause_2', opacity=1.0, ori=0, pos=array([0., 0.]), rgb=UNKNOWN, text=' +', units='height', win=Window(...), wrapWidth=1)
9.1273 	EXP 	Created image_L = ImageStim(__class__=<class 'psychopy.visual.image.ImageStim'>, anchor=('center', 'center'), autoLog=True, color=array([1, 1, 1]), colorSpace='rgb', contrast=1.0, depth=-1.0, flipHoriz=False, flipVert=False, image='sin', interpolate=True, mask='raisedCos', maskParams=None, name='image_L', opacity=1.0, ori=1.0, pos=array([-0.25,  0.  ]), size=array([0.3, 0.3]), texRes=128, units='height', win=Window(...))
9.1409 	EXP 	Created image_R = ImageStim(__class__=<class 'psychopy.visual.image.ImageStim'>, anchor=('center', 'center'), autoLog=True, color=array([1, 1, 1]), colorSpace='rgb', contrast=1.0, depth=-2.0, flipHoriz=False, flipVert=False, image='sin', interpolate=True, mask='raisedCos', maskParams=None, name='image_R', opacity=1.0, ori=1.0, pos=array([0.25, 0.  ]), size=array([0.3, 0.3]), texRes=128, units='height', win=Window(...))
9.1620 	EXP 	Created main_instr = TextStim(__class__=<class 'psychopy.visual.text.TextStim'>, alignHoriz=method-wrapper(...), alignText='center', alignVert=method-wrapper(...), anchorHoriz='center', anchorVert='center', antialias=True, autoDraw=False, autoLog=True, bold=False, color=array([-1, -1, -1]), colorSpace='rgb', contrast=1.0, depth=-4.0, flipHoriz=False, flipVert=False, font='Arial', fontFiles=[], height=0.03, italic=False, languageStyle='LTR', name='main_instr', opacity=1.0, ori=0, pos=array([ 0. , -0.3]), rgb=UNKNOWN, text=str(...), units='height', win=Window(...), wrapWidth=1)
9.1625 	EXP 	Created trial_count = TextStim(__class__=<class 'psychopy.visual.text.TextStim'>, alignHoriz=method-wrapper(...), alignText='center', alignVert=method-wrapper(...), anchorHoriz='center', anchorVert='center', antialias=True, autoDraw=False, autoLog=True, bold=False, color=array([-1, -1, -1]), colorSpace='rgb', contrast=1.0, depth=-6.0, flipHoriz=False, flipVert=False, font='Arial', fontFiles=[], height=0.03, italic=False, languageStyle='LTR', name='trial_count', opacity=1.0, ori=0, pos=array([ 0.4, -0.4]), rgb=UNKNOWN, text='', units='height', win=Window(...), wrapWidth=1)
9.1704 	EXP 	Created mini_pause = TextStim(__class__=<class 'psychopy.visual.text.TextStim'>, alignHoriz=method-wrapper(...), alignText='center', alignVert=method-wrapper(...), anchorHoriz='center', anchorVert='center', antialias=True, autoDraw=False, autoLog=True, bold=False, color=array([1, 1, 1]), colorSpace='rgb', contrast=1.0, depth=0.0, flipHoriz=False, flipVert=False, font='Arial', fontFiles=[], height=0.1, italic=False, languageStyle='LTR', name='mini_pause', opacity=1.0, ori=0, pos=array([0., 0.]), rgb=UNKNOWN, text=' ', units='height', win=Window(...), wrapWidth=1)
9.1818 	EXP 	Created end_txt = TextStim(__class__=<class 'psychopy.visual.text.TextStim'>, alignHoriz=method-wrapper(...), alignText='center', alignVert=method-wrapper(...), anchorHoriz='center', anchorVert='center', antialias=True, autoDraw=False, autoLog=True, bold=False, color=array([-1, -1, -1]), colorSpace='rgb', contrast=1.0, depth=0.0, flipHoriz=False, flipVert=False, font='Arial', fontFiles=[], height=0.05, italic=False, languageStyle='LTR', name='end_txt', opacity=1.0, ori=0, pos=array([0., 0.]), rgb=UNKNOWN, text='The end. \n \nPress space to see your data.', units='height', win=Window(...), wrapWidth=1)
9.1948 	EXP 	instr_txt_1: autoDraw = True
10.2151 	DATA 	Keypress: space
10.7572 	DATA 	Mouse: Left button down, pos=(517,440)
10.8281 	DATA 	Mouse:  Left button up, pos=(517,440)
11.0829 	DATA 	Mouse: Left button down, pos=(693,438)
11.1691 	DATA 	Mouse:  Left button up, pos=(695,439)
11.3795 	DATA 	Mouse: Left button down, pos=(695,439)
11.4639 	DATA 	Mouse:  Left button up, pos=(695,439)
11.6472 	DATA 	Mouse: Left button down, pos=(695,439)
11.6700 	DATA 	Keypress: space
11.7076 	DATA 	Mouse:  Left button up, pos=(695,439)
11.9487 	DATA 	Mouse: Left button down, pos=(695,439)
12.0460 	DATA 	Mouse:  Left button up, pos=(695,439)
12.9417 	EXP 	instr_txt_1: autoDraw = False
12.9417 	EXP 	image_L_3: ori = 0.0
12.9417 	EXP 	image_L_3: image = 'FR.png'
12.9417 	EXP 	image_R_3: ori = -90.0
12.9417 	EXP 	image_R_3: image = 'F.png'
12.9417 	EXP 	image_L_3: autoDraw = True
12.9417 	EXP 	image_R_3: autoDraw = True
12.9417 	EXP 	instr_txt_2: autoDraw = True
12.9441 	DATA 	Keypress: m
20.2448 	EXP 	image_L_3: autoDraw = False
20.2448 	EXP 	image_R_3: autoDraw = False
20.2448 	EXP 	instr_txt_2: autoDraw = False
20.2448 	EXP 	mini_pause_2: autoDraw = True
21.7706 	EXP 	Imported MentalRot.csv as conditions, 16 conditions, 5 params
21.7722 	EXP 	Created sequence: random, trialTypes=16, nReps=2, seed=None
21.7724 	EXP 	New trial (rep=0, index=0): OrderedDict([('leftori', 0), ('rightori', 270), ('same', 'y'), ('corrAns', 'm'), ('angle', 270)])
21.7917 	EXP 	mini_pause_2: autoDraw = False
21.7917 	EXP 	image_L: ori = 0.0
21.7917 	EXP 	image_L: image = 'F.png'
21.7917 	EXP 	image_R: ori = 270.0
21.7917 	EXP 	image_R: image = 'F.png'
21.7917 	EXP 	trial_count: height = 0.03
21.7917 	EXP 	trial_count: height = 0.03
21.7917 	EXP 	trial_count: height = 0.03
21.7917 	EXP 	trial_count: text = 0
21.7917 	EXP 	image_L: autoDraw = True
21.7917 	EXP 	image_R: autoDraw = True
21.7917 	EXP 	main_instr: autoDraw = True
21.7917 	EXP 	trial_count: autoDraw = True
23.0065 	EXP 	image_L: autoDraw = False
23.0065 	EXP 	image_R: autoDraw = False
23.0065 	EXP 	main_instr: autoDraw = False
23.0065 	EXP 	trial_count: autoDraw = False
23.0065 	EXP 	mini_pause: autoDraw = True
23.5040 	EXP 	New trial (rep=0, index=1): OrderedDict([('leftori', 0), ('rightori', 315), ('same', 'y'), ('corrAns', 'm'), ('angle', 315)])
23.5217 	EXP 	mini_pause: autoDraw = False
23.5217 	EXP 	image_L: ori = 0.0
23.5217 	EXP 	image_L: image = 'FR.png'
23.5217 	EXP 	image_R: ori = 315.0
23.5217 	EXP 	image_R: image = 'FR.png'
23.5217 	EXP 	trial_count: height = 0.03
23.5217 	EXP 	trial_count: height = 0.03
23.5217 	EXP 	trial_count: height = 0.03
23.5217 	EXP 	trial_count: text = 1
23.5217 	EXP 	image_L: autoDraw = True
23.5217 	EXP 	image_R: autoDraw = True
23.5217 	EXP 	main_instr: autoDraw = True
23.5217 	EXP 	trial_count: autoDraw = True
24.3709 	EXP 	image_L: autoDraw = False
24.3709 	EXP 	image_R: autoDraw = False
24.3709 	EXP 	main_instr: autoDraw = False
24.3709 	EXP 	trial_count: autoDraw = False
24.3709 	EXP 	mini_pause: autoDraw = True
24.8678 	EXP 	New trial (rep=0, index=2): OrderedDict([('leftori', 0), ('rightori', 45), ('same', 'n'), ('corrAns', 'n'), ('angle', 45)])
24.8860 	EXP 	mini_pause: autoDraw = False
24.8860 	EXP 	image_L: ori = 0.0
24.8860 	EXP 	image_L: image = 'F.png'
24.8860 	EXP 	image_R: ori = 45.0
24.8860 	EXP 	image_R: image = 'FR.png'
24.8860 	EXP 	trial_count: height = 0.03
24.8860 	EXP 	trial_count: height = 0.03
24.8860 	EXP 	trial_count: height = 0.03
24.8860 	EXP 	trial_count: text = 2
24.8860 	EXP 	image_L: autoDraw = True
24.8860 	EXP 	image_R: autoDraw = True
24.8860 	EXP 	main_instr: autoDraw = True
24.8860 	EXP 	trial_count: autoDraw = True
67.1645 	DATA 	Mouse: wheel shift=(0,-1), pos=(757,293)
67.1801 	DATA 	Mouse: wheel shift=(0,-1), pos=(757,293)
74.3604 	EXP 	image_L: autoDraw = False
74.3604 	EXP 	image_R: autoDraw = False
74.3604 	EXP 	main_instr: autoDraw = False
74.3604 	EXP 	trial_count: autoDraw = False
74.3604 	EXP 	mini_pause: autoDraw = True
74.8552 	EXP 	New trial (rep=0, index=3): OrderedDict([('leftori', 0), ('rightori', 90), ('same', 'n'), ('corrAns', 'n'), ('angle', 90)])
74.8679 	EXP 	mini_pause: autoDraw = False
74.8679 	EXP 	image_L: ori = 0.0
74.8679 	EXP 	image_L: image = 'FR.png'
74.8679 	EXP 	image_R: ori = 90.0
74.8679 	EXP 	image_R: image = 'F.png'
74.8679 	EXP 	trial_count: height = 0.03
74.8679 	EXP 	trial_count: height = 0.03
74.8679 	EXP 	trial_count: height = 0.03
74.8679 	EXP 	trial_count: text = 3
74.8679 	EXP 	image_L: autoDraw = True
74.8679 	EXP 	image_R: autoDraw = True
74.8679 	EXP 	main_instr: autoDraw = True
74.8679 	EXP 	trial_count: autoDraw = True
84.6364 	EXP 	image_L: autoDraw = False
84.6364 	EXP 	image_R: autoDraw = False
84.6364 	EXP 	main_instr: autoDraw = False
84.6364 	EXP 	trial_count: autoDraw = False
84.6364 	EXP 	mini_pause: autoDraw = True
85.1338 	EXP 	New trial (rep=0, index=4): OrderedDict([('leftori', 0), ('rightori', 0), ('same', 'n'), ('corrAns', 'n'), ('angle', 0)])
85.1512 	EXP 	mini_pause: autoDraw = False
85.1512 	EXP 	image_L: ori = 0.0
85.1512 	EXP 	image_L: image = 'FR.png'
85.1512 	EXP 	image_R: ori = 0.0
85.1512 	EXP 	image_R: image = 'F.png'
85.1512 	EXP 	trial_count: height = 0.03
85.1512 	EXP 	trial_count: height = 0.03
85.1512 	EXP 	trial_count: height = 0.03
85.1512 	EXP 	trial_count: text = 4
85.1512 	EXP 	image_L: autoDraw = True
85.1512 	EXP 	image_R: autoDraw = True
85.1512 	EXP 	main_instr: autoDraw = True
85.1512 	EXP 	trial_count: autoDraw = True
90.3308 	EXP 	image_L: autoDraw = False
90.3308 	EXP 	image_R: autoDraw = False
90.3308 	EXP 	main_instr: autoDraw = False
90.3308 	EXP 	trial_count: autoDraw = False
90.3308 	EXP 	mini_pause: autoDraw = True
90.8246 	EXP 	New trial (rep=0, index=5): OrderedDict([('leftori', 0), ('rightori', 225), ('same', 'n'), ('corrAns', 'n'), ('angle', 225)])
90.8490 	EXP 	mini_pause: autoDraw = False
90.8490 	EXP 	image_L: ori = 0.0
90.8490 	EXP 	image_L: image = 'FR.png'
90.8490 	EXP 	image_R: ori = 225.0
90.8490 	EXP 	image_R: image = 'F.png'
90.8490 	EXP 	trial_count: height = 0.03
90.8490 	EXP 	trial_count: height = 0.03
90.8490 	EXP 	trial_count: height = 0.03
90.8490 	EXP 	trial_count: text = 5
90.8490 	EXP 	image_L: autoDraw = True
90.8490 	EXP 	image_R: autoDraw = True
90.8490 	EXP 	main_instr: autoDraw = True
90.8490 	EXP 	trial_count: autoDraw = True
103.1386 	EXP 	image_L: autoDraw = False
103.1386 	EXP 	image_R: autoDraw = False
103.1386 	EXP 	main_instr: autoDraw = False
103.1386 	EXP 	trial_count: autoDraw = False
103.1386 	EXP 	mini_pause: autoDraw = True
103.6320 	EXP 	New trial (rep=0, index=6): OrderedDict([('leftori', 0), ('rightori', 0), ('same', 'y'), ('corrAns', 'm'), ('angle', 0)])
103.6557 	EXP 	mini_pause: autoDraw = False
103.6557 	EXP 	image_L: ori = 0.0
103.6557 	EXP 	image_L: image = 'FR.png'
103.6557 	EXP 	image_R: ori = 0.0
103.6557 	EXP 	image_R: image = 'FR.png'
103.6557 	EXP 	trial_count: height = 0.03
103.6557 	EXP 	trial_count: height = 0.03
103.6557 	EXP 	trial_count: height = 0.03
103.6557 	EXP 	trial_count: text = 6
103.6557 	EXP 	image_L: autoDraw = True
103.6557 	EXP 	image_R: autoDraw = True
103.6557 	EXP 	main_instr: autoDraw = True
103.6557 	EXP 	trial_count: autoDraw = True
103.7464 	EXP 	image_L: autoDraw = False
103.7464 	EXP 	image_R: autoDraw = False
103.7464 	EXP 	main_instr: autoDraw = False
103.7464 	EXP 	trial_count: autoDraw = False
103.7464 	EXP 	mini_pause: autoDraw = True
104.2425 	EXP 	New trial (rep=0, index=7): OrderedDict([('leftori', 0), ('rightori', 180), ('same', 'y'), ('corrAns', 'm'), ('angle', 180)])
104.2661 	EXP 	mini_pause: autoDraw = False
104.2661 	EXP 	image_L: ori = 0.0
104.2661 	EXP 	image_L: image = 'FR.png'
104.2661 	EXP 	image_R: ori = 180.0
104.2661 	EXP 	image_R: image = 'FR.png'
104.2661 	EXP 	trial_count: height = 0.03
104.2661 	EXP 	trial_count: height = 0.03
104.2661 	EXP 	trial_count: height = 0.03
104.2661 	EXP 	trial_count: text = 7
104.2661 	EXP 	image_L: autoDraw = True
104.2661 	EXP 	image_R: autoDraw = True
104.2661 	EXP 	main_instr: autoDraw = True
104.2661 	EXP 	trial_count: autoDraw = True
105.3746 	EXP 	image_L: autoDraw = False
105.3746 	EXP 	image_R: autoDraw = False
105.3746 	EXP 	main_instr: autoDraw = False
105.3746 	EXP 	trial_count: autoDraw = False
105.3746 	EXP 	mini_pause: autoDraw = True
105.8665 	EXP 	New trial (rep=0, index=8): OrderedDict([('leftori', 0), ('rightori', 180), ('same', 'n'), ('corrAns', 'n'), ('angle', 180)])
105.8781 	EXP 	mini_pause: autoDraw = False
105.8781 	EXP 	image_L: ori = 0.0
105.8781 	EXP 	image_L: image = 'F.png'
105.8781 	EXP 	image_R: ori = 180.0
105.8781 	EXP 	image_R: image = 'FR.png'
105.8781 	EXP 	trial_count: height = 0.03
105.8781 	EXP 	trial_count: height = 0.03
105.8781 	EXP 	trial_count: height = 0.03
105.8781 	EXP 	trial_count: text = 8
105.8781 	EXP 	image_L: autoDraw = True
105.8781 	EXP 	image_R: autoDraw = True
105.8781 	EXP 	main_instr: autoDraw = True
105.8781 	EXP 	trial_count: autoDraw = True
106.2910 	EXP 	image_L: autoDraw = False
106.2910 	EXP 	image_R: autoDraw = False
106.2910 	EXP 	main_instr: autoDraw = False
106.2910 	EXP 	trial_count: autoDraw = False
106.2910 	EXP 	mini_pause: autoDraw = True
106.7920 	EXP 	New trial (rep=0, index=9): OrderedDict([('leftori', 0), ('rightori', 135), ('same', 'n'), ('corrAns', 'n'), ('angle', 135)])
106.8056 	EXP 	mini_pause: autoDraw = False
106.8056 	EXP 	image_L: ori = 0.0
106.8056 	EXP 	image_L: image = 'F.png'
106.8056 	EXP 	image_R: ori = 135.0
106.8056 	EXP 	image_R: image = 'FR.png'
106.8056 	EXP 	trial_count: height = 0.03
106.8056 	EXP 	trial_count: height = 0.03
106.8056 	EXP 	trial_count: height = 0.03
106.8056 	EXP 	trial_count: text = 9
106.8056 	EXP 	image_L: autoDraw = True
106.8056 	EXP 	image_R: autoDraw = True
106.8056 	EXP 	main_instr: autoDraw = True
106.8056 	EXP 	trial_count: autoDraw = True
107.4797 	EXP 	image_L: autoDraw = False
107.4797 	EXP 	image_R: autoDraw = False
107.4797 	EXP 	main_instr: autoDraw = False
107.4797 	EXP 	trial_count: autoDraw = False
107.4797 	EXP 	mini_pause: autoDraw = True
107.9761 	EXP 	New trial (rep=0, index=10): OrderedDict([('leftori', 0), ('rightori', 135), ('same', 'y'), ('corrAns', 'm'), ('angle', 135)])
107.9870 	EXP 	mini_pause: autoDraw = False
107.9870 	EXP 	image_L: ori = 0.0
107.9870 	EXP 	image_L: image = 'FR.png'
107.9870 	EXP 	image_R: ori = 135.0
107.9870 	EXP 	image_R: image = 'FR.png'
107.9870 	EXP 	trial_count: height = 0.03
107.9870 	EXP 	trial_count: height = 0.03
107.9870 	EXP 	trial_count: height = 0.03
107.9870 	EXP 	trial_count: text = 10
107.9870 	EXP 	image_L: autoDraw = True
107.9870 	EXP 	image_R: autoDraw = True
107.9870 	EXP 	main_instr: autoDraw = True
107.9870 	EXP 	trial_count: autoDraw = True
126.8133 	EXP 	image_L: autoDraw = False
126.8133 	EXP 	image_R: autoDraw = False
126.8133 	EXP 	main_instr: autoDraw = False
126.8133 	EXP 	trial_count: autoDraw = False
126.8133 	EXP 	mini_pause: autoDraw = True
127.3037 	EXP 	New trial (rep=0, index=11): OrderedDict([('leftori', 0), ('rightori', 315), ('same', 'n'), ('corrAns', 'n'), ('angle', 315)])
127.3195 	EXP 	mini_pause: autoDraw = False
127.3195 	EXP 	image_L: ori = 0.0
127.3195 	EXP 	image_L: image = 'F.png'
127.3195 	EXP 	image_R: ori = 315.0
127.3195 	EXP 	image_R: image = 'FR.png'
127.3195 	EXP 	trial_count: height = 0.03
127.3195 	EXP 	trial_count: height = 0.03
127.3195 	EXP 	trial_count: height = 0.03
127.3195 	EXP 	trial_count: text = 11
127.3195 	EXP 	image_L: autoDraw = True
127.3195 	EXP 	image_R: autoDraw = True
127.3195 	EXP 	main_instr: autoDraw = True
127.3195 	EXP 	trial_count: autoDraw = True
129.2968 	EXP 	image_L: autoDraw = False
129.2968 	EXP 	image_R: autoDraw = False
129.2968 	EXP 	main_instr: autoDraw = False
129.2968 	EXP 	trial_count: autoDraw = False
129.2968 	EXP 	mini_pause: autoDraw = True
129.7870 	EXP 	New trial (rep=0, index=12): OrderedDict([('leftori', 0), ('rightori', 270), ('same', 'n'), ('corrAns', 'n'), ('angle', 270)])
129.7983 	EXP 	mini_pause: autoDraw = False
129.7983 	EXP 	image_L: ori = 0.0
129.7983 	EXP 	image_L: image = 'FR.png'
129.7983 	EXP 	image_R: ori = 270.0
129.7983 	EXP 	image_R: image = 'F.png'
129.7983 	EXP 	trial_count: height = 0.03
129.7983 	EXP 	trial_count: height = 0.03
129.7983 	EXP 	trial_count: height = 0.03
129.7983 	EXP 	trial_count: text = 12
129.7983 	EXP 	image_L: autoDraw = True
129.7983 	EXP 	image_R: autoDraw = True
129.7983 	EXP 	main_instr: autoDraw = True
129.7983 	EXP 	trial_count: autoDraw = True
131.1141 	EXP 	image_L: autoDraw = False
131.1141 	EXP 	image_R: autoDraw = False
131.1141 	EXP 	main_instr: autoDraw = False
131.1141 	EXP 	trial_count: autoDraw = False
131.1141 	EXP 	mini_pause: autoDraw = True
131.6071 	EXP 	New trial (rep=0, index=13): OrderedDict([('leftori', 0), ('rightori', 45), ('same', 'y'), ('corrAns', 'm'), ('angle', 45)])
131.6181 	EXP 	mini_pause: autoDraw = False
131.6181 	EXP 	image_L: ori = 0.0
131.6181 	EXP 	image_L: image = 'F.png'
131.6181 	EXP 	image_R: ori = 45.0
131.6181 	EXP 	image_R: image = 'F.png'
131.6181 	EXP 	trial_count: height = 0.03
131.6181 	EXP 	trial_count: height = 0.03
131.6181 	EXP 	trial_count: height = 0.03
131.6181 	EXP 	trial_count: text = 13
131.6181 	EXP 	image_L: autoDraw = True
131.6181 	EXP 	image_R: autoDraw = True
131.6181 	EXP 	main_instr: autoDraw = True
131.6181 	EXP 	trial_count: autoDraw = True
131.7699 	EXP 	image_L: autoDraw = False
131.7699 	EXP 	image_R: autoDraw = False
131.7699 	EXP 	main_instr: autoDraw = False
131.7699 	EXP 	trial_count: autoDraw = False
131.7699 	EXP 	mini_pause: autoDraw = True
132.2663 	EXP 	New trial (rep=0, index=14): OrderedDict([('leftori', 0), ('rightori', 90), ('same', 'y'), ('corrAns', 'm'), ('angle', 90)])
132.2783 	EXP 	mini_pause: autoDraw = False
132.2783 	EXP 	image_L: ori = 0.0
132.2783 	EXP 	image_L: image = 'FR.png'
132.2783 	EXP 	image_R: ori = 90.0
132.2783 	EXP 	image_R: image = 'FR.png'
132.2783 	EXP 	trial_count: height = 0.03
132.2783 	EXP 	trial_count: height = 0.03
132.2783 	EXP 	trial_count: height = 0.03
132.2783 	EXP 	trial_count: text = 14
132.2783 	EXP 	image_L: autoDraw = True
132.2783 	EXP 	image_R: autoDraw = True
132.2783 	EXP 	main_instr: autoDraw = True
132.2783 	EXP 	trial_count: autoDraw = True
198.0764 	EXP 	image_L: autoDraw = False
198.0764 	EXP 	image_R: autoDraw = False
198.0764 	EXP 	main_instr: autoDraw = False
198.0764 	EXP 	trial_count: autoDraw = False
198.0764 	EXP 	mini_pause: autoDraw = True
198.5676 	EXP 	New trial (rep=0, index=15): OrderedDict([('leftori', 0), ('rightori', 225), ('same', 'y'), ('corrAns', 'm'), ('angle', 225)])
198.5796 	EXP 	mini_pause: autoDraw = False
198.5796 	EXP 	image_L: ori = 0.0
198.5796 	EXP 	image_L: image = 'FR.png'
198.5796 	EXP 	image_R: ori = 225.0
198.5796 	EXP 	image_R: image = 'FR.png'
198.5796 	EXP 	trial_count: height = 0.03
198.5796 	EXP 	trial_count: height = 0.03
198.5796 	EXP 	trial_count: height = 0.03
198.5796 	EXP 	trial_count: text = 15
198.5796 	EXP 	image_L: autoDraw = True
198.5796 	EXP 	image_R: autoDraw = True
198.5796 	EXP 	main_instr: autoDraw = True
198.5796 	EXP 	trial_count: autoDraw = True
200.6224 	EXP 	image_L: autoDraw = False
200.6224 	EXP 	image_R: autoDraw = False
200.6224 	EXP 	main_instr: autoDraw = False
200.6224 	EXP 	trial_count: autoDraw = False
200.6224 	EXP 	mini_pause: autoDraw = True
201.1208 	EXP 	New trial (rep=1, index=0): OrderedDict([('leftori', 0), ('rightori', 270), ('same', 'n'), ('corrAns', 'n'), ('angle', 270)])
201.1407 	EXP 	mini_pause: autoDraw = False
201.1407 	EXP 	image_L: ori = 0.0
201.1407 	EXP 	image_L: image = 'FR.png'
201.1407 	EXP 	image_R: ori = 270.0
201.1407 	EXP 	image_R: image = 'F.png'
201.1407 	EXP 	trial_count: height = 0.03
201.1407 	EXP 	trial_count: height = 0.03
201.1407 	EXP 	trial_count: height = 0.03
201.1407 	EXP 	trial_count: text = 16
201.1407 	EXP 	image_L: autoDraw = True
201.1407 	EXP 	image_R: autoDraw = True
201.1407 	EXP 	main_instr: autoDraw = True
201.1407 	EXP 	trial_count: autoDraw = True
215.7923 	EXP 	image_L: autoDraw = False
215.7923 	EXP 	image_R: autoDraw = False
215.7923 	EXP 	main_instr: autoDraw = False
215.7923 	EXP 	trial_count: autoDraw = False
215.7923 	EXP 	mini_pause: autoDraw = True
216.2911 	EXP 	New trial (rep=1, index=1): OrderedDict([('leftori', 0), ('rightori', 45), ('same', 'n'), ('corrAns', 'n'), ('angle', 45)])
216.3077 	EXP 	mini_pause: autoDraw = False
216.3077 	EXP 	image_L: ori = 0.0
216.3077 	EXP 	image_L: image = 'F.png'
216.3077 	EXP 	image_R: ori = 45.0
216.3077 	EXP 	image_R: image = 'FR.png'
216.3077 	EXP 	trial_count: height = 0.03
216.3077 	EXP 	trial_count: height = 0.03
216.3077 	EXP 	trial_count: height = 0.03
216.3077 	EXP 	trial_count: text = 17
216.3077 	EXP 	image_L: autoDraw = True
216.3077 	EXP 	image_R: autoDraw = True
216.3077 	EXP 	main_instr: autoDraw = True
216.3077 	EXP 	trial_count: autoDraw = True
216.4378 	EXP 	image_L: autoDraw = False
216.4378 	EXP 	image_R: autoDraw = False
216.4378 	EXP 	main_instr: autoDraw = False
216.4378 	EXP 	trial_count: autoDraw = False
216.4378 	EXP 	mini_pause: autoDraw = True
216.9319 	EXP 	New trial (rep=1, index=2): OrderedDict([('leftori', 0), ('rightori', 90), ('same', 'y'), ('corrAns', 'm'), ('angle', 90)])
216.9440 	EXP 	mini_pause: autoDraw = False
216.9440 	EXP 	image_L: ori = 0.0
216.9440 	EXP 	image_L: image = 'FR.png'
216.9440 	EXP 	image_R: ori = 90.0
216.9440 	EXP 	image_R: image = 'FR.png'
216.9440 	EXP 	trial_count: height = 0.03
216.9440 	EXP 	trial_count: height = 0.03
216.9440 	EXP 	trial_count: height = 0.03
216.9440 	EXP 	trial_count: text = 18
216.9440 	EXP 	image_L: autoDraw = True
216.9440 	EXP 	image_R: autoDraw = True
216.9440 	EXP 	main_instr: autoDraw = True
216.9440 	EXP 	trial_count: autoDraw = True
757.2782 	EXP 	image_L: autoDraw = False
757.2782 	EXP 	image_R: autoDraw = False
757.2782 	EXP 	main_instr: autoDraw = False
757.2782 	EXP 	trial_count: autoDraw = False
757.2782 	EXP 	mini_pause: autoDraw = True
757.7752 	EXP 	New trial (rep=1, index=3): OrderedDict([('leftori', 0), ('rightori', 225), ('same', 'y'), ('corrAns', 'm'), ('angle', 225)])
757.7875 	EXP 	mini_pause: autoDraw = False
757.7875 	EXP 	image_L: ori = 0.0
757.7875 	EXP 	image_L: image = 'FR.png'
757.7875 	EXP 	image_R: ori = 225.0
757.7875 	EXP 	image_R: image = 'FR.png'
757.7875 	EXP 	trial_count: height = 0.03
757.7875 	EXP 	trial_count: height = 0.03
757.7875 	EXP 	trial_count: height = 0.03
757.7875 	EXP 	trial_count: text = 19
757.7875 	EXP 	image_L: autoDraw = True
757.7875 	EXP 	image_R: autoDraw = True
757.7875 	EXP 	main_instr: autoDraw = True
757.7875 	EXP 	trial_count: autoDraw = True
786.9436 	EXP 	image_L: autoDraw = False
786.9436 	EXP 	image_R: autoDraw = False
786.9436 	EXP 	main_instr: autoDraw = False
786.9436 	EXP 	trial_count: autoDraw = False
786.9436 	EXP 	mini_pause: autoDraw = True
787.4407 	EXP 	New trial (rep=1, index=4): OrderedDict([('leftori', 0), ('rightori', 45), ('same', 'y'), ('corrAns', 'm'), ('angle', 45)])
787.4527 	EXP 	mini_pause: autoDraw = False
787.4527 	EXP 	image_L: ori = 0.0
787.4527 	EXP 	image_L: image = 'F.png'
787.4527 	EXP 	image_R: ori = 45.0
787.4527 	EXP 	image_R: image = 'F.png'
787.4527 	EXP 	trial_count: height = 0.03
787.4527 	EXP 	trial_count: height = 0.03
787.4527 	EXP 	trial_count: height = 0.03
787.4527 	EXP 	trial_count: text = 20
787.4527 	EXP 	image_L: autoDraw = True
787.4527 	EXP 	image_R: autoDraw = True
787.4527 	EXP 	main_instr: autoDraw = True
787.4527 	EXP 	trial_count: autoDraw = True
798.5930 	EXP 	image_L: autoDraw = False
798.5930 	EXP 	image_R: autoDraw = False
798.5930 	EXP 	main_instr: autoDraw = False
798.5930 	EXP 	trial_count: autoDraw = False
798.5930 	EXP 	mini_pause: autoDraw = True
799.0893 	EXP 	New trial (rep=1, index=5): OrderedDict([('leftori', 0), ('rightori', 315), ('same', 'y'), ('corrAns', 'm'), ('angle', 315)])
799.1022 	EXP 	mini_pause: autoDraw = False
799.1022 	EXP 	image_L: ori = 0.0
799.1022 	EXP 	image_L: image = 'FR.png'
799.1022 	EXP 	image_R: ori = 315.0
799.1022 	EXP 	image_R: image = 'FR.png'
799.1022 	EXP 	trial_count: height = 0.03
799.1022 	EXP 	trial_count: height = 0.03
799.1022 	EXP 	trial_count: height = 0.03
799.1022 	EXP 	trial_count: text = 21
799.1022 	EXP 	image_L: autoDraw = True
799.1022 	EXP 	image_R: autoDraw = True
799.1022 	EXP 	main_instr: autoDraw = True
799.1022 	EXP 	trial_count: autoDraw = True
799.8824 	EXP 	image_L: autoDraw = False
799.8824 	EXP 	image_R: autoDraw = False
799.8824 	EXP 	main_instr: autoDraw = False
799.8824 	EXP 	trial_count: autoDraw = False
799.8824 	EXP 	mini_pause: autoDraw = True
800.3812 	EXP 	New trial (rep=1, index=6): OrderedDict([('leftori', 0), ('rightori', 90), ('same', 'n'), ('corrAns', 'n'), ('angle', 90)])
800.3931 	EXP 	mini_pause: autoDraw = False
800.3931 	EXP 	image_L: ori = 0.0
800.3931 	EXP 	image_L: image = 'F.png'
800.3931 	EXP 	image_R: ori = 90.0
800.3931 	EXP 	image_R: image = 'FR.png'
800.3931 	EXP 	trial_count: height = 0.03
800.3931 	EXP 	trial_count: height = 0.03
800.3931 	EXP 	trial_count: height = 0.03
800.3931 	EXP 	trial_count: text = 22
800.3931 	EXP 	image_L: autoDraw = True
800.3931 	EXP 	image_R: autoDraw = True
800.3931 	EXP 	main_instr: autoDraw = True
800.3931 	EXP 	trial_count: autoDraw = True
811.1563 	EXP 	image_L: autoDraw = False
811.1563 	EXP 	image_R: autoDraw = False
811.1563 	EXP 	main_instr: autoDraw = False
811.1563 	EXP 	trial_count: autoDraw = False
811.1563 	EXP 	mini_pause: autoDraw = True
811.6536 	EXP 	New trial (rep=1, index=7): OrderedDict([('leftori', 0), ('rightori', 180), ('same', 'y'), ('corrAns', 'm'), ('angle', 180)])
811.6651 	EXP 	mini_pause: autoDraw = False
811.6651 	EXP 	image_L: ori = 0.0
811.6651 	EXP 	image_L: image = 'FR.png'
811.6651 	EXP 	image_R: ori = 180.0
811.6651 	EXP 	image_R: image = 'FR.png'
811.6651 	EXP 	trial_count: height = 0.03
811.6651 	EXP 	trial_count: height = 0.03
811.6651 	EXP 	trial_count: height = 0.03
811.6651 	EXP 	trial_count: text = 23
811.6651 	EXP 	image_L: autoDraw = True
811.6651 	EXP 	image_R: autoDraw = True
811.6651 	EXP 	main_instr: autoDraw = True
811.6651 	EXP 	trial_count: autoDraw = True
812.6238 	EXP 	image_L: autoDraw = False
812.6238 	EXP 	image_R: autoDraw = False
812.6238 	EXP 	main_instr: autoDraw = False
812.6238 	EXP 	trial_count: autoDraw = False
812.6238 	EXP 	mini_pause: autoDraw = True
813.1151 	EXP 	New trial (rep=1, index=8): OrderedDict([('leftori', 0), ('rightori', 270), ('same', 'y'), ('corrAns', 'm'), ('angle', 270)])
813.1257 	EXP 	mini_pause: autoDraw = False
813.1257 	EXP 	image_L: ori = 0.0
813.1257 	EXP 	image_L: image = 'F.png'
813.1257 	EXP 	image_R: ori = 270.0
813.1257 	EXP 	image_R: image = 'F.png'
813.1257 	EXP 	trial_count: height = 0.03
813.1257 	EXP 	trial_count: height = 0.03
813.1257 	EXP 	trial_count: height = 0.03
813.1257 	EXP 	trial_count: text = 24
813.1257 	EXP 	image_L: autoDraw = True
813.1257 	EXP 	image_R: autoDraw = True
813.1257 	EXP 	main_instr: autoDraw = True
813.1257 	EXP 	trial_count: autoDraw = True
813.5857 	EXP 	image_L: autoDraw = False
813.5857 	EXP 	image_R: autoDraw = False
813.5857 	EXP 	main_instr: autoDraw = False
813.5857 	EXP 	trial_count: autoDraw = False
813.5857 	EXP 	mini_pause: autoDraw = True
814.0830 	EXP 	New trial (rep=1, index=9): OrderedDict([('leftori', 0), ('rightori', 135), ('same', 'y'), ('corrAns', 'm'), ('angle', 135)])
814.1014 	EXP 	mini_pause: autoDraw = False
814.1014 	EXP 	image_L: ori = 0.0
814.1014 	EXP 	image_L: image = 'F.png'
814.1014 	EXP 	image_R: ori = 135.0
814.1014 	EXP 	image_R: image = 'F.png'
814.1014 	EXP 	trial_count: height = 0.03
814.1014 	EXP 	trial_count: height = 0.03
814.1014 	EXP 	trial_count: height = 0.03
814.1014 	EXP 	trial_count: text = 25
814.1014 	EXP 	image_L: autoDraw = True
814.1014 	EXP 	image_R: autoDraw = True
814.1014 	EXP 	main_instr: autoDraw = True
814.1014 	EXP 	trial_count: autoDraw = True
814.5573 	EXP 	image_L: autoDraw = False
814.5573 	EXP 	image_R: autoDraw = False
814.5573 	EXP 	main_instr: autoDraw = False
814.5573 	EXP 	trial_count: autoDraw = False
814.5573 	EXP 	mini_pause: autoDraw = True
815.0531 	EXP 	New trial (rep=1, index=10): OrderedDict([('leftori', 0), ('rightori', 0), ('same', 'n'), ('corrAns', 'n'), ('angle', 0)])
815.0644 	EXP 	mini_pause: autoDraw = False
815.0644 	EXP 	image_L: ori = 0.0
815.0644 	EXP 	image_L: image = 'F.png'
815.0644 	EXP 	image_R: ori = 0.0
815.0644 	EXP 	image_R: image = 'FR.png'
815.0644 	EXP 	trial_count: height = 0.03
815.0644 	EXP 	trial_count: height = 0.03
815.0644 	EXP 	trial_count: height = 0.03
815.0644 	EXP 	trial_count: text = 26
815.0644 	EXP 	image_L: autoDraw = True
815.0644 	EXP 	image_R: autoDraw = True
815.0644 	EXP 	main_instr: autoDraw = True
815.0644 	EXP 	trial_count: autoDraw = True
815.0959 	EXP 	image_L: autoDraw = False
815.0959 	EXP 	image_R: autoDraw = False
815.0959 	EXP 	main_instr: autoDraw = False
815.0959 	EXP 	trial_count: autoDraw = False
815.0959 	EXP 	mini_pause: autoDraw = True
815.5926 	EXP 	New trial (rep=1, index=11): OrderedDict([('leftori', 0), ('rightori', 0), ('same', 'y'), ('corrAns', 'm'), ('angle', 0)])
815.6100 	EXP 	mini_pause: autoDraw = False
815.6100 	EXP 	image_L: ori = 0.0
815.6100 	EXP 	image_L: image = 'F.png'
815.6100 	EXP 	image_R: ori = 0.0
815.6100 	EXP 	image_R: image = 'F.png'
815.6100 	EXP 	trial_count: height = 0.03
815.6100 	EXP 	trial_count: height = 0.03
815.6100 	EXP 	trial_count: height = 0.03
815.6100 	EXP 	trial_count: text = 27
815.6100 	EXP 	image_L: autoDraw = True
815.6100 	EXP 	image_R: autoDraw = True
815.6100 	EXP 	main_instr: autoDraw = True
815.6100 	EXP 	trial_count: autoDraw = True
816.6465 	EXP 	image_L: autoDraw = False
816.6465 	EXP 	image_R: autoDraw = False
816.6465 	EXP 	main_instr: autoDraw = False
816.6465 	EXP 	trial_count: autoDraw = False
816.6465 	EXP 	mini_pause: autoDraw = True
817.1448 	EXP 	New trial (rep=1, index=12): OrderedDict([('leftori', 0), ('rightori', 225), ('same', 'n'), ('corrAns', 'n'), ('angle', 225)])
817.1617 	EXP 	mini_pause: autoDraw = False
817.1617 	EXP 	image_L: ori = 0.0
817.1617 	EXP 	image_L: image = 'F.png'
817.1617 	EXP 	image_R: ori = 225.0
817.1617 	EXP 	image_R: image = 'FR.png'
817.1617 	EXP 	trial_count: height = 0.03
817.1617 	EXP 	trial_count: height = 0.03
817.1617 	EXP 	trial_count: height = 0.03
817.1617 	EXP 	trial_count: text = 28
817.1617 	EXP 	image_L: autoDraw = True
817.1617 	EXP 	image_R: autoDraw = True
817.1617 	EXP 	main_instr: autoDraw = True
817.1617 	EXP 	trial_count: autoDraw = True
818.2122 	EXP 	image_L: autoDraw = False
818.2122 	EXP 	image_R: autoDraw = False
818.2122 	EXP 	main_instr: autoDraw = False
818.2122 	EXP 	trial_count: autoDraw = False
818.2122 	EXP 	mini_pause: autoDraw = True
818.7078 	EXP 	New trial (rep=1, index=13): OrderedDict([('leftori', 0), ('rightori', 180), ('same', 'n'), ('corrAns', 'n'), ('angle', 180)])
818.7209 	EXP 	mini_pause: autoDraw = False
818.7209 	EXP 	image_L: ori = 0.0
818.7209 	EXP 	image_L: image = 'F.png'
818.7209 	EXP 	image_R: ori = 180.0
818.7209 	EXP 	image_R: image = 'FR.png'
818.7209 	EXP 	trial_count: height = 0.03
818.7209 	EXP 	trial_count: height = 0.03
818.7209 	EXP 	trial_count: height = 0.03
818.7209 	EXP 	trial_count: text = 29
818.7209 	EXP 	image_L: autoDraw = True
818.7209 	EXP 	image_R: autoDraw = True
818.7209 	EXP 	main_instr: autoDraw = True
818.7209 	EXP 	trial_count: autoDraw = True
821.8062 	EXP 	image_L: autoDraw = False
821.8062 	EXP 	image_R: autoDraw = False
821.8062 	EXP 	main_instr: autoDraw = False
821.8062 	EXP 	trial_count: autoDraw = False
821.8062 	EXP 	mini_pause: autoDraw = True
822.3008 	EXP 	New trial (rep=1, index=14): OrderedDict([('leftori', 0), ('rightori', 135), ('same', 'n'), ('corrAns', 'n'), ('angle', 135)])
822.3124 	EXP 	mini_pause: autoDraw = False
822.3124 	EXP 	image_L: ori = 0.0
822.3124 	EXP 	image_L: image = 'FR.png'
822.3124 	EXP 	image_R: ori = 135.0
822.3124 	EXP 	image_R: image = 'F.png'
822.3124 	EXP 	trial_count: height = 0.03
822.3124 	EXP 	trial_count: height = 0.03
822.3124 	EXP 	trial_count: height = 0.03
822.3124 	EXP 	trial_count: text = 30
822.3124 	EXP 	image_L: autoDraw = True
822.3124 	EXP 	image_R: autoDraw = True
822.3124 	EXP 	main_instr: autoDraw = True
822.3124 	EXP 	trial_count: autoDraw = True
823.5066 	EXP 	image_L: autoDraw = False
823.5066 	EXP 	image_R: autoDraw = False
823.5066 	EXP 	main_instr: autoDraw = False
823.5066 	EXP 	trial_count: autoDraw = False
823.5066 	EXP 	mini_pause: autoDraw = True
824.0002 	EXP 	New trial (rep=1, index=15): OrderedDict([('leftori', 0), ('rightori', 315), ('same', 'n'), ('corrAns', 'n'), ('angle', 315)])
824.0171 	EXP 	mini_pause: autoDraw = False
824.0171 	EXP 	image_L: ori = 0.0
824.0171 	EXP 	image_L: image = 'F.png'
824.0171 	EXP 	image_R: ori = 315.0
824.0171 	EXP 	image_R: image = 'FR.png'
824.0171 	EXP 	trial_count: height = 0.03
824.0171 	EXP 	trial_count: height = 0.03
824.0171 	EXP 	trial_count: height = 0.03
824.0171 	EXP 	trial_count: text = 31
824.0171 	EXP 	image_L: autoDraw = True
824.0171 	EXP 	image_R: autoDraw = True
824.0171 	EXP 	main_instr: autoDraw = True
824.0171 	EXP 	trial_count: autoDraw = True
887.7549 	EXP 	image_L: autoDraw = False
887.7549 	EXP 	image_R: autoDraw = False
887.7549 	EXP 	main_instr: autoDraw = False
887.7549 	EXP 	trial_count: autoDraw = False
887.7549 	EXP 	mini_pause: autoDraw = True
888.2570 	EXP 	mini_pause: autoDraw = False
888.2570 	EXP 	end_txt: autoDraw = True
888.6767 	EXP 	end_txt: autoDraw = False
888.7306 	EXP 	window1: mouseVisible = True
